INFO:     Started server process [18536]
INFO:     Waiting for application startup.
[v0.6.8] 10:03:00 - INFO - Application startup complete.
[v0.6.8] 10:03:00 - INFO - Uvicorn running on http://127.0.0.1:5000 (Press CTRL+C to quit)

======================================
  PoB Injector Server v0.6.8
======================================

[v0.6.8] 10:05:41 - INFO - "GET /check-update?branch=dev HTTP/1.1" 200
[v0.6.8] 10:09:01 - INFO - "GET /check-update?branch=dev HTTP/1.1" 200
[v0.6.8] 10:12:01 - INFO - "GET /check-update?branch=dev HTTP/1.1" 200
[v0.6.8] 10:15:01 - INFO - "GET /check-update?branch=dev HTTP/1.1" 200
[v0.6.8] 10:18:01 - INFO - "GET /check-update?branch=dev HTTP/1.1" 200
[v0.6.8] 10:21:01 - INFO - "GET /check-update?branch=dev HTTP/1.1" 200
[v0.6.8] 10:24:01 - INFO - "GET /check-update?branch=dev HTTP/1.1" 200
[v0.6.8] 10:27:01 - INFO - "GET /check-update?branch=dev HTTP/1.1" 200
[v0.6.8] 10:30:01 - INFO - "GET /check-update?branch=dev HTTP/1.1" 200
[v0.6.8] 10:33:01 - INFO - "GET /check-update?branch=dev HTTP/1.1" 200
[v0.6.8] 10:36:01 - INFO - "GET /check-update?branch=dev HTTP/1.1" 200
[v0.6.8] 10:39:01 - INFO - "GET /check-update?branch=dev HTTP/1.1" 200
[v0.6.8] 10:42:01 - INFO - "GET /check-update?branch=dev HTTP/1.1" 200
